\BOOKMARK [1][-]{section.1}{\376\377\000I\000n\000t\000r\000o\000d\000u\000z\000i\000o\000n\000e}{}% 1
\BOOKMARK [1][-]{section.2}{\376\377\000O\000b\000i\000e\000t\000t\000i\000v\000i}{}% 2
\BOOKMARK [1][-]{section.3}{\376\377\000P\000r\000e\000r\000e\000q\000u\000i\000s\000i\000t\000i}{}% 3
\BOOKMARK [2][-]{subsection.3.1}{\376\377\000M\000A\000A\000S}{section.3}% 4
\BOOKMARK [3][-]{subsubsection.3.1.1}{\376\377\000I\000n\000s\000t\000a\000l\000l\000a\000z\000i\000o\000n\000e}{subsection.3.1}% 5
\BOOKMARK [2][-]{subsection.3.2}{\376\377\000J\000u\000j\000u}{section.3}% 6
\BOOKMARK [3][-]{subsubsection.3.2.1}{\376\377\000I\000n\000s\000t\000a\000l\000l\000a\000z\000i\000o\000n\000e}{subsection.3.2}% 7
\BOOKMARK [1][-]{section.4}{\376\377\000O\000p\000e\000n\000S\000t\000a\000c\000k}{}% 8
\BOOKMARK [2][-]{subsection.4.1}{\376\377\000C\000o\000m\000p\000o\000n\000e\000n\000t\000i\000\040\000d\000i\000\040\000O\000p\000e\000n\000S\000t\000a\000c\000k}{section.4}% 9
\BOOKMARK [3][-]{subsubsection.4.1.1}{\376\377\000C\000i\000n\000d\000e\000r}{subsection.4.1}% 10
\BOOKMARK [3][-]{subsubsection.4.1.2}{\376\377\000G\000l\000a\000n\000c\000e}{subsection.4.1}% 11
\BOOKMARK [3][-]{subsubsection.4.1.3}{\376\377\000H\000o\000r\000i\000z\000o\000n}{subsection.4.1}% 12
\BOOKMARK [3][-]{subsubsection.4.1.4}{\376\377\000K\000e\000y\000s\000t\000o\000n\000e}{subsection.4.1}% 13
\BOOKMARK [3][-]{subsubsection.4.1.5}{\376\377\000N\000e\000u\000t\000r\000o\000n}{subsection.4.1}% 14
\BOOKMARK [3][-]{subsubsection.4.1.6}{\376\377\000N\000o\000v\000a}{subsection.4.1}% 15
\BOOKMARK [3][-]{subsubsection.4.1.7}{\376\377\000P\000l\000a\000c\000e\000m\000e\000n\000t}{subsection.4.1}% 16
\BOOKMARK [2][-]{subsection.4.2}{\376\377\000C\000o\000m\000p\000o\000n\000e\000n\000t\000i\000\040\000e\000s\000t\000e\000r\000n\000i\000\040\000a\000\040\000O\000p\000e\000n\000S\000t\000a\000c\000k}{section.4}% 17
\BOOKMARK [3][-]{subsubsection.4.2.1}{\376\377\000V\000a\000u\000l\000t}{subsection.4.2}% 18
\BOOKMARK [3][-]{subsubsection.4.2.2}{\376\377\000O\000p\000e\000n\000\040\000V\000i\000r\000t\000u\000a\000l\000\040\000N\000e\000t\000w\000o\000r\000k}{subsection.4.2}% 19
\BOOKMARK [3][-]{subsubsection.4.2.3}{\376\377\000C\000e\000p\000h}{subsection.4.2}% 20
\BOOKMARK [1][-]{section.5}{\376\377\000I\000n\000s\000t\000a\000l\000l\000a\000z\000i\000o\000n\000e\000\040\000d\000i\000\040\000O\000p\000e\000n\000S\000t\000a\000c\000k}{}% 21
\BOOKMARK [2][-]{subsection.5.1}{\376\377\000I\000n\000s\000t\000a\000l\000l\000a\000z\000i\000o\000n\000e\000\040\000m\000a\000n\000u\000a\000l\000e}{section.5}% 22
\BOOKMARK [2][-]{subsection.5.2}{\376\377\000I\000n\000s\000t\000a\000l\000l\000a\000z\000i\000o\000n\000e\000\040\000i\000n\000\040\000b\000u\000n\000d\000l\000e}{section.5}% 23
\BOOKMARK [2][-]{subsection.5.3}{\376\377\000C\000o\000n\000f\000i\000g\000u\000r\000a\000z\000i\000o\000n\000e\000\040\000i\000n\000i\000z\000i\000a\000l\000e}{section.5}% 24
\BOOKMARK [1][-]{section.6}{\376\377\000L\000o\000a\000d\000\040\000B\000a\000l\000a\000n\000c\000e\000r}{}% 25
\BOOKMARK [2][-]{subsection.6.1}{\376\377\000C\000o\000m\000p\000o\000n\000e\000n\000t\000i}{section.6}% 26
\BOOKMARK [3][-]{subsubsection.6.1.1}{\376\377\000B\000a\000r\000b\000i\000c\000a\000n}{subsection.6.1}% 27
\BOOKMARK [3][-]{subsubsection.6.1.2}{\376\377\000O\000c\000t\000a\000v\000i\000a}{subsection.6.1}% 28
\BOOKMARK [2][-]{subsection.6.2}{\376\377\000I\000n\000s\000t\000a\000l\000l\000a\000z\000i\000o\000n\000e}{section.6}% 29
\BOOKMARK [1][-]{section.7}{\376\377\000T\000e\000r\000r\000a\000f\000o\000r\000m}{}% 30
\BOOKMARK [1][-]{section.8}{\376\377\000C\000o\000n\000c\000l\000u\000s\000i\000o\000n\000i\000\040\000e\000\040\000s\000v\000i\000l\000u\000p\000p\000i\000\040\000f\000u\000t\000u\000r\000i}{}% 31
